<?xml version="1.0" encoding="UTF-8"?>
<!-- Generated by org.testng.reporters.JUnitXMLReporter -->
<testsuite hostname="DESKTOP-3G4FTH2" ignored="6" name="Test" tests="1" failures="1" timestamp="2022-12-05T19:27:10 IST" time="6.627" errors="0">
  <testcase name="deselectAll" time="0.652" classname="com.obsqura.SeleniumTestNG.SelectMultipleCase">
    <failure type="org.openqa.selenium.StaleElementReferenceException" message="stale element reference: element is not attached to the page document
  (Session info: chrome=108.0.5359.73)
For documentation on this error, please visit: https://selenium.dev/exceptions/#stale_element_reference
Build info: version: &amp;apos;4.4.0&amp;apos;, revision: &amp;apos;e5c75ed026a&amp;apos;
System info: host: &amp;apos;DESKTOP-3G4FTH2&amp;apos;, ip: &amp;apos;192.168.0.105&amp;apos;, os.name: &amp;apos;Windows 10&amp;apos;, os.arch: &amp;apos;amd64&amp;apos;, os.version: &amp;apos;10.0&amp;apos;, java.version: &amp;apos;1.8.0_202&amp;apos;
Driver info: org.openqa.selenium.chrome.ChromeDriver
Command: [757a80837ef335da799d8317a93729a9, getElementText {id=71bd54fd-aaa1-4b40-9507-7f1f9f2f0956}]
Capabilities {acceptInsecureCerts: false, browserName: chrome, browserVersion: 108.0.5359.73, chrome: {chromedriverVersion: 107.0.5304.62 (1eec40d3a576..., userDataDir: C:\Users\SHIBIN\AppData\Loc...}, goog:chromeOptions: {debuggerAddress: localhost:52699}, networkConnectionEnabled: false, pageLoadStrategy: normal, platformName: WINDOWS, proxy: Proxy(), se:cdp: ws://localhost:52699/devtoo..., se:cdpVersion: 108.0.5359.73, setWindowRect: true, strictFileInteractability: false, timeouts: {implicit: 0, pageLoad: 300000, script: 30000}, unhandledPromptBehavior: dismiss and notify, webauthn:extension:credBlob: true, webauthn:extension:largeBlob: true, webauthn:virtualAuthenticators: true}
Element: [[ChromeDriver: chrome on WINDOWS (757a80837ef335da799d8317a93729a9)] -&amp;gt; id: message-two]
Session ID: 757a80837ef335da799d8317a93729a9">
      <![CDATA[org.openqa.selenium.StaleElementReferenceException: stale element reference: element is not attached to the page document
  (Session info: chrome=108.0.5359.73)
For documentation on this error, please visit: https://selenium.dev/exceptions/#stale_element_reference
Build info: version: '4.4.0', revision: 'e5c75ed026a'
System info: host: 'DESKTOP-3G4FTH2', ip: '192.168.0.105', os.name: 'Windows 10', os.arch: 'amd64', os.version: '10.0', java.version: '1.8.0_202'
Driver info: org.openqa.selenium.chrome.ChromeDriver
Command: [757a80837ef335da799d8317a93729a9, getElementText {id=71bd54fd-aaa1-4b40-9507-7f1f9f2f0956}]
Capabilities {acceptInsecureCerts: false, browserName: chrome, browserVersion: 108.0.5359.73, chrome: {chromedriverVersion: 107.0.5304.62 (1eec40d3a576..., userDataDir: C:\Users\SHIBIN\AppData\Loc...}, goog:chromeOptions: {debuggerAddress: localhost:52699}, networkConnectionEnabled: false, pageLoadStrategy: normal, platformName: WINDOWS, proxy: Proxy(), se:cdp: ws://localhost:52699/devtoo..., se:cdpVersion: 108.0.5359.73, setWindowRect: true, strictFileInteractability: false, timeouts: {implicit: 0, pageLoad: 300000, script: 30000}, unhandledPromptBehavior: dismiss and notify, webauthn:extension:credBlob: true, webauthn:extension:largeBlob: true, webauthn:virtualAuthenticators: true}
Element: [[ChromeDriver: chrome on WINDOWS (757a80837ef335da799d8317a93729a9)] -> id: message-two]
Session ID: 757a80837ef335da799d8317a93729a9
at org.openqa.selenium.remote.codec.w3c.W3CHttpResponseCodec.createException(W3CHttpResponseCodec.java:200)
at org.openqa.selenium.remote.codec.w3c.W3CHttpResponseCodec.decode(W3CHttpResponseCodec.java:133)
at org.openqa.selenium.remote.codec.w3c.W3CHttpResponseCodec.decode(W3CHttpResponseCodec.java:53)
at org.openqa.selenium.remote.HttpCommandExecutor.execute(HttpCommandExecutor.java:184)
at org.openqa.selenium.remote.service.DriverCommandExecutor.invokeExecute(DriverCommandExecutor.java:167)
at org.openqa.selenium.remote.service.DriverCommandExecutor.execute(DriverCommandExecutor.java:142)
at org.openqa.selenium.remote.RemoteWebDriver.execute(RemoteWebDriver.java:547)
at org.openqa.selenium.remote.RemoteWebElement.execute(RemoteWebElement.java:257)
at org.openqa.selenium.remote.RemoteWebElement.getText(RemoteWebElement.java:207)
at com.obsqura.SeleniumTestNG.SelectMultipleCase.deselectAll(SelectMultipleCase.java:110)
at java.util.ArrayList.forEach(Unknown Source)
... Removed 31 stack frames]]>
    </failure>
  </testcase> <!-- deselectAll -->
  <testcase name="multiSelect" time="0.0" classname="com.obsqura.SeleniumTestNG.SelectMultipleCase">
    <ignored/>
  </testcase> <!-- multiSelect -->
  <testcase name="valueSelect" time="0.0" classname="com.obsqura.SeleniumTestNG.SelectMultipleCase">
    <ignored/>
  </testcase> <!-- valueSelect -->
  <testcase name="optionGet" time="0.0" classname="com.obsqura.SeleniumTestNG.SelectMultipleCase">
    <ignored/>
  </testcase> <!-- optionGet -->
  <testcase name="indexSelect" time="0.0" classname="com.obsqura.SeleniumTestNG.SelectMultipleCase">
    <ignored/>
  </testcase> <!-- indexSelect -->
  <testcase name="selectAll" time="0.0" classname="com.obsqura.SeleniumTestNG.SelectMultipleCase">
    <ignored/>
  </testcase> <!-- selectAll -->
  <testcase name="visibleText" time="0.0" classname="com.obsqura.SeleniumTestNG.SelectMultipleCase">
    <ignored/>
  </testcase> <!-- visibleText -->
</testsuite> <!-- Test -->
